2026-02-22 14:46:55,994 - moduleA - DEBUG - This is Debug message
2026-02-22 14:46:55,994 - moduleA - INFO - This is info message
2026-02-22 14:46:55,994 - moduleA - WARNING - This is warning messages
2026-02-22 14:46:55,995 - moduleA - ERROR - This is error message
2026-02-22 14:46:55,995 - moduleA - CRITICAL - This is critical message
2026-02-22 14:54:01,786 - moduleA - DEBUG - This is Debug message
2026-02-22 14:54:01,787 - moduleA - INFO - This is info message
2026-02-22 14:54:01,787 - moduleA - WARNING - This is warning messages
2026-02-22 14:54:01,787 - moduleA - ERROR - This is error message
2026-02-22 14:54:01,788 - moduleA - CRITICAL - This is critical message
2026-02-22 14:56:12,228 - moduleA - DEBUG - This is Debug message
2026-02-22 14:56:12,228 - moduleA - INFO - This is info message
2026-02-22 14:56:12,229 - moduleA - WARNING - This is warning messages
2026-02-22 14:56:12,229 - moduleA - ERROR - This is error message
2026-02-22 14:56:12,230 - moduleA - CRITICAL - This is critical message
2026-02-22 14:56:39,804 - moduleA - DEBUG - This is Debug message
2026-02-22 14:56:39,805 - moduleA - INFO - This is info message
2026-02-22 14:56:39,805 - moduleA - WARNING - This is warning messages
2026-02-22 14:56:39,805 - moduleA - ERROR - This is error message
2026-02-22 14:56:39,806 - moduleA - CRITICAL - This is critical message
2026-02-22 14:58:21,266 - moduleA - DEBUG - This is Debug message
2026-02-22 14:58:21,267 - moduleA - INFO - This is info message
2026-02-22 14:58:21,267 - moduleA - WARNING - This is warning messages
2026-02-22 14:58:21,267 - moduleA - ERROR - This is error message
2026-02-22 14:58:21,267 - moduleA - CRITICAL - This is critical message
2026-02-22 14:58:41,654 - moduleA - DEBUG - This is Debug message
2026-02-22 14:58:41,654 - moduleA - INFO - This is info message
2026-02-22 14:58:41,655 - moduleA - WARNING - This is warning messages
2026-02-22 14:58:41,655 - moduleA - ERROR - This is error message
2026-02-22 14:58:41,655 - moduleA - CRITICAL - This is critical message
2026-02-22 14:59:05,549 - moduleA - DEBUG - This is Debug message
2026-02-22 14:59:05,549 - moduleA - INFO - This is info message
2026-02-22 14:59:05,549 - moduleA - WARNING - This is warning messages
2026-02-22 14:59:05,550 - moduleA - ERROR - This is error message
2026-02-22 14:59:05,550 - moduleA - CRITICAL - This is critical message
2026-02-22 15:00:26,285 - moduleA - DEBUG - This is Debug message
2026-02-22 15:00:26,286 - moduleA - INFO - This is info message
2026-02-22 15:00:26,286 - moduleA - WARNING - This is warning messages
2026-02-22 15:00:26,286 - moduleA - ERROR - This is error message
2026-02-22 15:00:26,287 - moduleA - CRITICAL - This is critical message
2026-02-22 15:02:13,729 - moduleA - DEBUG - This is Debug message
2026-02-22 15:02:13,730 - moduleA - INFO - This is info message
2026-02-22 15:02:13,730 - moduleA - WARNING - This is warning messages
2026-02-22 15:02:13,730 - moduleA - ERROR - This is error message
2026-02-22 15:02:13,730 - moduleA - CRITICAL - This is critical message
2026-02-22 15:14:00,207 - moduleA - DEBUG - This is Debug message
2026-02-22 15:14:00,207 - moduleA - INFO - This is info message
2026-02-22 15:14:00,208 - moduleA - WARNING - This is warning messages
2026-02-22 15:14:00,208 - moduleA - ERROR - This is error message
2026-02-22 15:14:00,208 - moduleA - CRITICAL - This is critical message
2026-02-22 15:14:21,311 - moduleA - DEBUG - This is Debug message
2026-02-22 15:14:21,312 - moduleA - INFO - This is info message
2026-02-22 15:14:21,312 - moduleA - WARNING - This is warning messages
2026-02-22 15:14:21,312 - moduleA - ERROR - This is error message
2026-02-22 15:14:21,312 - moduleA - CRITICAL - This is critical message
2026-02-22 15:21:45,956 - moduleA - DEBUG - This is Debug message
2026-02-22 15:21:45,956 - moduleA - INFO - This is info message
2026-02-22 15:21:45,956 - moduleA - WARNING - This is warning messages
2026-02-22 15:21:45,956 - moduleA - ERROR - This is error message
2026-02-22 15:21:45,956 - moduleA - CRITICAL - This is critical message
2026-02-22 15:22:38,199 - moduleA - DEBUG - This is Debug message
2026-02-22 15:22:38,200 - moduleA - INFO - This is info message
2026-02-22 15:22:38,200 - moduleA - WARNING - This is warning messages
2026-02-22 15:22:38,200 - moduleA - ERROR - This is error message
2026-02-22 15:22:38,201 - moduleA - CRITICAL - This is critical message
2026-02-22 15:22:50,535 - moduleA - DEBUG - This is Debug message
2026-02-22 15:22:50,536 - moduleA - INFO - This is info message
2026-02-22 15:22:50,537 - moduleA - WARNING - This is warning messages
2026-02-22 15:22:50,537 - moduleA - ERROR - This is error message
2026-02-22 15:22:50,538 - moduleA - CRITICAL - This is critical message
