2026-02-22 14:46:55,995 - moduleB - DEBUG - This is Debug message
2026-02-22 14:46:55,996 - moduleB - INFO - This is info message
2026-02-22 14:46:55,996 - moduleB - WARNING - This is warning messages
2026-02-22 14:46:55,996 - moduleB - ERROR - This is error message
2026-02-22 14:46:55,996 - moduleB - CRITICAL - This is critical message
2026-02-22 14:54:01,788 - moduleB - DEBUG - This is Debug message
2026-02-22 14:54:01,788 - moduleB - INFO - This is info message
2026-02-22 14:54:01,788 - moduleB - WARNING - This is warning messages
2026-02-22 14:54:01,789 - moduleB - ERROR - This is error message
2026-02-22 14:54:01,789 - moduleB - CRITICAL - This is critical message
2026-02-22 14:56:12,230 - moduleB - DEBUG - This is Debug message
2026-02-22 14:56:12,230 - moduleB - INFO - This is info message
2026-02-22 14:56:12,231 - moduleB - WARNING - This is warning messages
2026-02-22 14:56:12,231 - moduleB - ERROR - This is error message
2026-02-22 14:56:12,231 - moduleB - CRITICAL - This is critical message
2026-02-22 14:56:39,806 - moduleB - DEBUG - This is Debug message
2026-02-22 14:56:39,806 - moduleB - INFO - This is info message
2026-02-22 14:56:39,807 - moduleB - WARNING - This is warning messages
2026-02-22 14:56:39,807 - moduleB - ERROR - This is error message
2026-02-22 14:56:39,807 - moduleB - CRITICAL - This is critical message
2026-02-22 14:58:21,268 - moduleB - DEBUG - This is Debug message
2026-02-22 14:58:21,268 - moduleB - INFO - This is info message
2026-02-22 14:58:21,268 - moduleB - WARNING - This is warning messages
2026-02-22 14:58:21,269 - moduleB - ERROR - This is error message
2026-02-22 14:58:21,269 - moduleB - CRITICAL - This is critical message
2026-02-22 14:58:41,656 - moduleB - DEBUG - This is Debug message
2026-02-22 14:58:41,656 - moduleB - INFO - This is info message
2026-02-22 14:58:41,656 - moduleB - WARNING - This is warning messages
2026-02-22 14:58:41,657 - moduleB - ERROR - This is error message
2026-02-22 14:58:41,657 - moduleB - CRITICAL - This is critical message
2026-02-22 14:59:05,550 - moduleB - DEBUG - This is Debug message
2026-02-22 14:59:05,550 - moduleB - INFO - This is info message
2026-02-22 14:59:05,551 - moduleB - WARNING - This is warning messages
2026-02-22 14:59:05,551 - moduleB - ERROR - This is error message
2026-02-22 14:59:05,551 - moduleB - CRITICAL - This is critical message
2026-02-22 15:00:26,287 - moduleB - DEBUG - This is Debug message
2026-02-22 15:00:26,287 - moduleB - INFO - This is info message
2026-02-22 15:00:26,287 - moduleB - WARNING - This is warning messages
2026-02-22 15:00:26,288 - moduleB - ERROR - This is error message
2026-02-22 15:00:26,288 - moduleB - CRITICAL - This is critical message
2026-02-22 15:02:13,731 - moduleB - DEBUG - This is Debug message
2026-02-22 15:02:13,731 - moduleB - INFO - This is info message
2026-02-22 15:02:13,731 - moduleB - WARNING - This is warning messages
2026-02-22 15:02:13,732 - moduleB - ERROR - This is error message
2026-02-22 15:02:13,732 - moduleB - CRITICAL - This is critical message
2026-02-22 15:14:00,208 - moduleB - DEBUG - This is Debug message
2026-02-22 15:14:00,209 - moduleB - INFO - This is info message
2026-02-22 15:14:00,209 - moduleB - WARNING - This is warning messages
2026-02-22 15:14:00,209 - moduleB - ERROR - This is error message
2026-02-22 15:14:00,210 - moduleB - CRITICAL - This is critical message
2026-02-22 15:14:21,313 - moduleB - DEBUG - This is Debug message
2026-02-22 15:14:21,313 - moduleB - INFO - This is info message
2026-02-22 15:14:21,313 - moduleB - WARNING - This is warning messages
2026-02-22 15:14:21,313 - moduleB - ERROR - This is error message
2026-02-22 15:14:21,314 - moduleB - CRITICAL - This is critical message
2026-02-22 15:21:45,956 - moduleB - DEBUG - This is Debug message
2026-02-22 15:21:45,956 - moduleB - INFO - This is info message
2026-02-22 15:21:45,956 - moduleB - WARNING - This is warning messages
2026-02-22 15:21:45,957 - moduleB - ERROR - This is error message
2026-02-22 15:21:45,957 - moduleB - CRITICAL - This is critical message
2026-02-22 15:22:38,201 - moduleB - DEBUG - This is Debug message
2026-02-22 15:22:38,201 - moduleB - INFO - This is info message
2026-02-22 15:22:38,201 - moduleB - WARNING - This is warning messages
2026-02-22 15:22:38,201 - moduleB - ERROR - This is error message
2026-02-22 15:22:38,201 - moduleB - CRITICAL - This is critical message
2026-02-22 15:22:50,538 - moduleB - DEBUG - This is Debug message
2026-02-22 15:22:50,539 - moduleB - INFO - This is info message
2026-02-22 15:22:50,539 - moduleB - WARNING - This is warning messages
2026-02-22 15:22:50,540 - moduleB - ERROR - This is error message
2026-02-22 15:22:50,540 - moduleB - CRITICAL - This is critical message
